<?xml version="1.0" encoding="UTF-8"?>
<testng-results skipped="0" failed="0" total="1" passed="1">
  <reporter-output>
  </reporter-output>
  <suite name="Examples.NewTest" duration-ms="52835" started-at="2016-06-22T14:06:21Z" finished-at="2016-06-22T14:07:14Z">
    <groups>
    </groups>
    <test name="Command line test" duration-ms="52835" started-at="2016-06-22T14:06:21Z" finished-at="2016-06-22T14:07:14Z">
      <class name="Examples.NewTest">
        <test-method status="PASS" signature="beforeTest()[pri:0, instance:Examples.NewTest@dfd3711]" name="beforeTest" is-config="true" duration-ms="4168" started-at="2016-06-22T19:36:21Z" finished-at="2016-06-22T19:36:26Z">
          <reporter-output>
          </reporter-output>
        </test-method> <!-- beforeTest -->
        <test-method status="PASS" signature="f()[pri:0, instance:Examples.NewTest@dfd3711]" name="f" duration-ms="48434" started-at="2016-06-22T19:36:26Z" finished-at="2016-06-22T19:37:14Z">
          <reporter-output>
          </reporter-output>
        </test-method> <!-- f -->
        <test-method status="PASS" signature="afterTest()[pri:0, instance:Examples.NewTest@dfd3711]" name="afterTest" is-config="true" duration-ms="216" started-at="2016-06-22T19:37:14Z" finished-at="2016-06-22T19:37:14Z">
          <reporter-output>
          </reporter-output>
        </test-method> <!-- afterTest -->
      </class> <!-- Examples.NewTest -->
    </test> <!-- Command line test -->
  </suite> <!-- Examples.NewTest -->
</testng-results>
